[ 2015-12-03T10:34:50+08:00 ] ::1 /tjmetro/
INFO: [ app_init ] --START--
INFO: Run Behavior\BuildLiteBehavior [ RunTime:0.000693s ]
INFO: [ app_init ] --END-- [ RunTime:0.013325s ]
INFO: [ app_begin ] --START--
INFO: Run Behavior\ReadHtmlCacheBehavior [ RunTime:0.001975s ]
INFO: [ app_begin ] --END-- [ RunTime:0.004024s ]
ERR: 模板不存在:./application/Home/View/Index/index.html

[ 2015-12-03T10:35:15+08:00 ] ::1 /tjmetro/
INFO: [ app_init ] --START--
INFO: Run Behavior\BuildLiteBehavior [ RunTime:0.000359s ]
INFO: [ app_init ] --END-- [ RunTime:0.003607s ]
INFO: [ app_begin ] --START--
INFO: Run Behavior\ReadHtmlCacheBehavior [ RunTime:0.001939s ]
INFO: [ app_begin ] --END-- [ RunTime:0.003871s ]
INFO: [ view_parse ] --START--
INFO: [ template_filter ] --START--
INFO: Run Behavior\ContentReplaceBehavior [ RunTime:0.023366s ]
INFO: [ template_filter ] --END-- [ RunTime:0.025179s ]
INFO: Run Behavior\ParseTemplateBehavior [ RunTime:0.106834s ]
INFO: [ view_parse ] --END-- [ RunTime:0.108689s ]
INFO: [ view_filter ] --START--
INFO: Run Behavior\WriteHtmlCacheBehavior [ RunTime:0.001833s ]
INFO: [ view_filter ] --END-- [ RunTime:0.003795s ]
INFO: [ app_end ] --START--
INFO: Run Behavior\ShowPageTraceBehavior [ RunTime:0.004939s ]
INFO: [ app_end ] --END-- [ RunTime:0.006753s ]

[ 2015-12-03T10:35:21+08:00 ] ::1 /tjmetro/
INFO: [ app_init ] --START--
INFO: Run Behavior\BuildLiteBehavior [ RunTime:0.000315s ]
INFO: [ app_init ] --END-- [ RunTime:0.002557s ]
INFO: [ app_begin ] --START--
INFO: Run Behavior\ReadHtmlCacheBehavior [ RunTime:0.001643s ]
INFO: [ app_begin ] --END-- [ RunTime:0.003488s ]
INFO: [ view_parse ] --START--
INFO: [ template_filter ] --START--
INFO: Run Behavior\ContentReplaceBehavior [ RunTime:0.000803s ]
INFO: [ template_filter ] --END-- [ RunTime:0.003009s ]
INFO: Run Behavior\ParseTemplateBehavior [ RunTime:0.040202s ]
INFO: [ view_parse ] --END-- [ RunTime:0.042038s ]
INFO: [ view_filter ] --START--
INFO: Run Behavior\WriteHtmlCacheBehavior [ RunTime:0.001509s ]
INFO: [ view_filter ] --END-- [ RunTime:0.003470s ]
INFO: [ app_end ] --START--
INFO: Run Behavior\ShowPageTraceBehavior [ RunTime:0.001917s ]
INFO: [ app_end ] --END-- [ RunTime:0.003706s ]

[ 2015-12-03T10:36:30+08:00 ] ::1 /tjmetro/
INFO: [ app_init ] --START--
INFO: Run Behavior\BuildLiteBehavior [ RunTime:0.000344s ]
INFO: [ app_init ] --END-- [ RunTime:0.002829s ]
INFO: [ app_begin ] --START--
INFO: Run Behavior\ReadHtmlCacheBehavior [ RunTime:0.002379s ]
INFO: [ app_begin ] --END-- [ RunTime:0.005291s ]
INFO: [ view_parse ] --START--
INFO: [ template_filter ] --START--
INFO: Run Behavior\ContentReplaceBehavior [ RunTime:0.001096s ]
INFO: [ template_filter ] --END-- [ RunTime:0.003839s ]
INFO: Run Behavior\ParseTemplateBehavior [ RunTime:0.048964s ]
INFO: [ view_parse ] --END-- [ RunTime:0.050816s ]
INFO: [ view_filter ] --START--
INFO: Run Behavior\WriteHtmlCacheBehavior [ RunTime:0.001613s ]
INFO: [ view_filter ] --END-- [ RunTime:0.003506s ]
INFO: [ app_end ] --START--
INFO: Run Behavior\ShowPageTraceBehavior [ RunTime:0.001665s ]
INFO: [ app_end ] --END-- [ RunTime:0.003463s ]

[ 2015-12-03T10:37:20+08:00 ] ::1 /tjmetro/
INFO: [ app_init ] --START--
INFO: Run Behavior\BuildLiteBehavior [ RunTime:0.000362s ]
INFO: [ app_init ] --END-- [ RunTime:0.002752s ]
INFO: [ app_begin ] --START--
INFO: Run Behavior\ReadHtmlCacheBehavior [ RunTime:0.001656s ]
INFO: [ app_begin ] --END-- [ RunTime:0.003553s ]
INFO: [ view_parse ] --START--
INFO: [ template_filter ] --START--
INFO: Run Behavior\ContentReplaceBehavior [ RunTime:0.000733s ]
INFO: [ template_filter ] --END-- [ RunTime:0.002497s ]
INFO: Run Behavior\ParseTemplateBehavior [ RunTime:0.032213s ]
INFO: [ view_parse ] --END-- [ RunTime:0.034060s ]
INFO: [ view_filter ] --START--
INFO: Run Behavior\WriteHtmlCacheBehavior [ RunTime:0.001454s ]
INFO: [ view_filter ] --END-- [ RunTime:0.003248s ]
INFO: [ app_end ] --START--
INFO: Run Behavior\ShowPageTraceBehavior [ RunTime:0.001698s ]
INFO: [ app_end ] --END-- [ RunTime:0.003519s ]

[ 2015-12-03T10:37:21+08:00 ] ::1 /tjmetro/
INFO: [ app_init ] --START--
INFO: Run Behavior\BuildLiteBehavior [ RunTime:0.000365s ]
INFO: [ app_init ] --END-- [ RunTime:0.002916s ]
INFO: [ app_begin ] --START--
INFO: Run Behavior\ReadHtmlCacheBehavior [ RunTime:0.001657s ]
INFO: [ app_begin ] --END-- [ RunTime:0.003528s ]
INFO: [ view_parse ] --START--
INFO: [ template_filter ] --START--
INFO: Run Behavior\ContentReplaceBehavior [ RunTime:0.000768s ]
INFO: [ template_filter ] --END-- [ RunTime:0.002657s ]
INFO: Run Behavior\ParseTemplateBehavior [ RunTime:0.032619s ]
INFO: [ view_parse ] --END-- [ RunTime:0.034502s ]
INFO: [ view_filter ] --START--
INFO: Run Behavior\WriteHtmlCacheBehavior [ RunTime:0.001524s ]
INFO: [ view_filter ] --END-- [ RunTime:0.003288s ]
INFO: [ app_end ] --START--
INFO: Run Behavior\ShowPageTraceBehavior [ RunTime:0.001614s ]
INFO: [ app_end ] --END-- [ RunTime:0.003426s ]

[ 2015-12-03T10:37:22+08:00 ] ::1 /tjmetro/
INFO: [ app_init ] --START--
INFO: Run Behavior\BuildLiteBehavior [ RunTime:0.000422s ]
INFO: [ app_init ] --END-- [ RunTime:0.002819s ]
INFO: [ app_begin ] --START--
INFO: Run Behavior\ReadHtmlCacheBehavior [ RunTime:0.001637s ]
INFO: [ app_begin ] --END-- [ RunTime:0.003494s ]
INFO: [ view_parse ] --START--
INFO: [ template_filter ] --START--
INFO: Run Behavior\ContentReplaceBehavior [ RunTime:0.000757s ]
INFO: [ template_filter ] --END-- [ RunTime:0.002615s ]
INFO: Run Behavior\ParseTemplateBehavior [ RunTime:0.032911s ]
INFO: [ view_parse ] --END-- [ RunTime:0.034785s ]
INFO: [ view_filter ] --START--
INFO: Run Behavior\WriteHtmlCacheBehavior [ RunTime:0.001545s ]
INFO: [ view_filter ] --END-- [ RunTime:0.003342s ]
INFO: [ app_end ] --START--
INFO: Run Behavior\ShowPageTraceBehavior [ RunTime:0.002734s ]
INFO: [ app_end ] --END-- [ RunTime:0.005522s ]

[ 2015-12-03T10:37:24+08:00 ] ::1 /tjmetro/
INFO: [ app_init ] --START--
INFO: Run Behavior\BuildLiteBehavior [ RunTime:0.000364s ]
INFO: [ app_init ] --END-- [ RunTime:0.002926s ]
INFO: [ app_begin ] --START--
INFO: Run Behavior\ReadHtmlCacheBehavior [ RunTime:0.002039s ]
INFO: [ app_begin ] --END-- [ RunTime:0.004277s ]
INFO: [ view_parse ] --START--
INFO: [ template_filter ] --START--
INFO: Run Behavior\ContentReplaceBehavior [ RunTime:0.000771s ]
INFO: [ template_filter ] --END-- [ RunTime:0.002882s ]
INFO: Run Behavior\ParseTemplateBehavior [ RunTime:0.038020s ]
INFO: [ view_parse ] --END-- [ RunTime:0.039841s ]
INFO: [ view_filter ] --START--
INFO: Run Behavior\WriteHtmlCacheBehavior [ RunTime:0.001567s ]
INFO: [ view_filter ] --END-- [ RunTime:0.003331s ]
INFO: [ app_end ] --START--
INFO: Run Behavior\ShowPageTraceBehavior [ RunTime:0.001656s ]
INFO: [ app_end ] --END-- [ RunTime:0.003470s ]

[ 2015-12-03T10:45:49+08:00 ] ::1 /tjmetro/
INFO: [ app_init ] --START--
INFO: Run Behavior\BuildLiteBehavior [ RunTime:0.000346s ]
INFO: [ app_init ] --END-- [ RunTime:0.002842s ]
INFO: [ app_begin ] --START--
INFO: Run Behavior\ReadHtmlCacheBehavior [ RunTime:0.001848s ]
INFO: [ app_begin ] --END-- [ RunTime:0.003908s ]
INFO: [ view_parse ] --START--
INFO: [ template_filter ] --START--
INFO: Run Behavior\ContentReplaceBehavior [ RunTime:0.000775s ]
INFO: [ template_filter ] --END-- [ RunTime:0.002706s ]
NOTIC: [8] Use of undefined constant Home - assumed 'Home' C:\xampp\htdocs\tjmetro\application\Runtime\Cache\Home\1991579fa70d7ec774d571ca9e648d79.php 第 16 行.
NOTIC: [8] Use of undefined constant Login - assumed 'Login' C:\xampp\htdocs\tjmetro\application\Runtime\Cache\Home\1991579fa70d7ec774d571ca9e648d79.php 第 16 行.
NOTIC: [2] Division by zero C:\xampp\htdocs\tjmetro\application\Runtime\Cache\Home\1991579fa70d7ec774d571ca9e648d79.php 第 16 行.
NOTIC: [8] Use of undefined constant login - assumed 'login' C:\xampp\htdocs\tjmetro\application\Runtime\Cache\Home\1991579fa70d7ec774d571ca9e648d79.php 第 16 行.
NOTIC: [2] Division by zero C:\xampp\htdocs\tjmetro\application\Runtime\Cache\Home\1991579fa70d7ec774d571ca9e648d79.php 第 16 行.
INFO: Run Behavior\ParseTemplateBehavior [ RunTime:0.063460s ]
INFO: [ view_parse ] --END-- [ RunTime:0.065716s ]
INFO: [ view_filter ] --START--
INFO: Run Behavior\WriteHtmlCacheBehavior [ RunTime:0.002605s ]
INFO: [ view_filter ] --END-- [ RunTime:0.005152s ]
INFO: [ app_end ] --START--
INFO: Run Behavior\ShowPageTraceBehavior [ RunTime:0.002873s ]
INFO: [ app_end ] --END-- [ RunTime:0.005723s ]

[ 2015-12-03T10:45:54+08:00 ] ::1 /tjmetro/index.php/Home/Index/index.html
INFO: [ app_init ] --START--
INFO: Run Behavior\BuildLiteBehavior [ RunTime:0.000317s ]
INFO: [ app_init ] --END-- [ RunTime:0.002624s ]
INFO: [ app_begin ] --START--
INFO: Run Behavior\ReadHtmlCacheBehavior [ RunTime:0.001442s ]
INFO: [ app_begin ] --END-- [ RunTime:0.003257s ]
INFO: [ view_parse ] --START--
INFO: [ template_filter ] --START--
INFO: Run Behavior\ContentReplaceBehavior [ RunTime:0.000785s ]
INFO: [ template_filter ] --END-- [ RunTime:0.002696s ]
NOTIC: [8] Use of undefined constant Home - assumed 'Home' C:\xampp\htdocs\tjmetro\application\Runtime\Cache\Home\1991579fa70d7ec774d571ca9e648d79.php 第 16 行.
NOTIC: [8] Use of undefined constant Login - assumed 'Login' C:\xampp\htdocs\tjmetro\application\Runtime\Cache\Home\1991579fa70d7ec774d571ca9e648d79.php 第 16 行.
NOTIC: [2] Division by zero C:\xampp\htdocs\tjmetro\application\Runtime\Cache\Home\1991579fa70d7ec774d571ca9e648d79.php 第 16 行.
NOTIC: [8] Use of undefined constant login - assumed 'login' C:\xampp\htdocs\tjmetro\application\Runtime\Cache\Home\1991579fa70d7ec774d571ca9e648d79.php 第 16 行.
NOTIC: [2] Division by zero C:\xampp\htdocs\tjmetro\application\Runtime\Cache\Home\1991579fa70d7ec774d571ca9e648d79.php 第 16 行.
INFO: Run Behavior\ParseTemplateBehavior [ RunTime:0.037552s ]
INFO: [ view_parse ] --END-- [ RunTime:0.039583s ]
INFO: [ view_filter ] --START--
INFO: Run Behavior\WriteHtmlCacheBehavior [ RunTime:0.001750s ]
INFO: [ view_filter ] --END-- [ RunTime:0.003949s ]
INFO: [ app_end ] --START--
INFO: Run Behavior\ShowPageTraceBehavior [ RunTime:0.001683s ]
INFO: [ app_end ] --END-- [ RunTime:0.003480s ]

[ 2015-12-03T10:45:54+08:00 ] ::1 /tjmetro/index.php/Home/Index/Public/css/style.css
INFO: [ app_init ] --START--
INFO: Run Behavior\BuildLiteBehavior [ RunTime:0.000318s ]
INFO: [ app_init ] --END-- [ RunTime:0.002542s ]
INFO: [ app_begin ] --START--
INFO: Run Behavior\ReadHtmlCacheBehavior [ RunTime:0.001691s ]
INFO: [ app_begin ] --END-- [ RunTime:0.003525s ]
ERR: 非法操作:Public

[ 2015-12-03T10:46:45+08:00 ] ::1 /tjmetro/
INFO: [ app_init ] --START--
INFO: Run Behavior\BuildLiteBehavior [ RunTime:0.000413s ]
INFO: [ app_init ] --END-- [ RunTime:0.002943s ]
INFO: [ app_begin ] --START--
INFO: Run Behavior\ReadHtmlCacheBehavior [ RunTime:0.001752s ]
INFO: [ app_begin ] --END-- [ RunTime:0.003736s ]
INFO: [ view_parse ] --START--
INFO: [ template_filter ] --START--
INFO: Run Behavior\ContentReplaceBehavior [ RunTime:0.000796s ]
INFO: [ template_filter ] --END-- [ RunTime:0.002627s ]
NOTIC: [8] Use of undefined constant Home - assumed 'Home' C:\xampp\htdocs\tjmetro\application\Runtime\Cache\Home\1991579fa70d7ec774d571ca9e648d79.php 第 16 行.
NOTIC: [8] Use of undefined constant Login - assumed 'Login' C:\xampp\htdocs\tjmetro\application\Runtime\Cache\Home\1991579fa70d7ec774d571ca9e648d79.php 第 16 行.
NOTIC: [2] Division by zero C:\xampp\htdocs\tjmetro\application\Runtime\Cache\Home\1991579fa70d7ec774d571ca9e648d79.php 第 16 行.
NOTIC: [8] Use of undefined constant login - assumed 'login' C:\xampp\htdocs\tjmetro\application\Runtime\Cache\Home\1991579fa70d7ec774d571ca9e648d79.php 第 16 行.
NOTIC: [2] Division by zero C:\xampp\htdocs\tjmetro\application\Runtime\Cache\Home\1991579fa70d7ec774d571ca9e648d79.php 第 16 行.
INFO: Run Behavior\ParseTemplateBehavior [ RunTime:0.036132s ]
INFO: [ view_parse ] --END-- [ RunTime:0.038038s ]
INFO: [ view_filter ] --START--
INFO: Run Behavior\WriteHtmlCacheBehavior [ RunTime:0.001609s ]
INFO: [ view_filter ] --END-- [ RunTime:0.003786s ]
INFO: [ app_end ] --START--
INFO: Run Behavior\ShowPageTraceBehavior [ RunTime:0.001608s ]
INFO: [ app_end ] --END-- [ RunTime:0.003381s ]

[ 2015-12-03T10:46:49+08:00 ] ::1 /tjmetro/index.php/Home/Index/index.html
INFO: [ app_init ] --START--
INFO: Run Behavior\BuildLiteBehavior [ RunTime:0.000467s ]
INFO: [ app_init ] --END-- [ RunTime:0.003045s ]
INFO: [ app_begin ] --START--
INFO: Run Behavior\ReadHtmlCacheBehavior [ RunTime:0.001916s ]
INFO: [ app_begin ] --END-- [ RunTime:0.003882s ]
INFO: [ view_parse ] --START--
INFO: [ template_filter ] --START--
INFO: Run Behavior\ContentReplaceBehavior [ RunTime:0.000798s ]
INFO: [ template_filter ] --END-- [ RunTime:0.002714s ]
NOTIC: [8] Use of undefined constant Home - assumed 'Home' C:\xampp\htdocs\tjmetro\application\Runtime\Cache\Home\1991579fa70d7ec774d571ca9e648d79.php 第 16 行.
NOTIC: [8] Use of undefined constant Login - assumed 'Login' C:\xampp\htdocs\tjmetro\application\Runtime\Cache\Home\1991579fa70d7ec774d571ca9e648d79.php 第 16 行.
NOTIC: [2] Division by zero C:\xampp\htdocs\tjmetro\application\Runtime\Cache\Home\1991579fa70d7ec774d571ca9e648d79.php 第 16 行.
NOTIC: [8] Use of undefined constant login - assumed 'login' C:\xampp\htdocs\tjmetro\application\Runtime\Cache\Home\1991579fa70d7ec774d571ca9e648d79.php 第 16 行.
NOTIC: [2] Division by zero C:\xampp\htdocs\tjmetro\application\Runtime\Cache\Home\1991579fa70d7ec774d571ca9e648d79.php 第 16 行.
INFO: Run Behavior\ParseTemplateBehavior [ RunTime:0.036317s ]
INFO: [ view_parse ] --END-- [ RunTime:0.038121s ]
INFO: [ view_filter ] --START--
INFO: Run Behavior\WriteHtmlCacheBehavior [ RunTime:0.001506s ]
INFO: [ view_filter ] --END-- [ RunTime:0.003279s ]
INFO: [ app_end ] --START--
INFO: Run Behavior\ShowPageTraceBehavior [ RunTime:0.001656s ]
INFO: [ app_end ] --END-- [ RunTime:0.003487s ]

[ 2015-12-03T10:46:49+08:00 ] ::1 /tjmetro/index.php/Home/Index/Public/css/style.css
INFO: [ app_init ] --START--
INFO: Run Behavior\BuildLiteBehavior [ RunTime:0.000353s ]
INFO: [ app_init ] --END-- [ RunTime:0.002635s ]
INFO: [ app_begin ] --START--
INFO: Run Behavior\ReadHtmlCacheBehavior [ RunTime:0.001683s ]
INFO: [ app_begin ] --END-- [ RunTime:0.003638s ]
ERR: 非法操作:Public

[ 2015-12-03T10:46:53+08:00 ] ::1 /tjmetro/index.php/Home/Index/Public/css/style.css
INFO: [ app_init ] --START--
INFO: Run Behavior\BuildLiteBehavior [ RunTime:0.000321s ]
INFO: [ app_init ] --END-- [ RunTime:0.002601s ]
INFO: [ app_begin ] --START--
INFO: Run Behavior\ReadHtmlCacheBehavior [ RunTime:0.001714s ]
INFO: [ app_begin ] --END-- [ RunTime:0.003530s ]
ERR: 非法操作:Public

[ 2015-12-03T10:48:13+08:00 ] ::1 /tjmetro/index.php/Home/Index/index.html
INFO: [ app_init ] --START--
INFO: Run Behavior\BuildLiteBehavior [ RunTime:0.000313s ]
INFO: [ app_init ] --END-- [ RunTime:0.002536s ]
INFO: [ app_begin ] --START--
INFO: Run Behavior\ReadHtmlCacheBehavior [ RunTime:0.001500s ]
INFO: [ app_begin ] --END-- [ RunTime:0.003508s ]
INFO: [ view_parse ] --START--
INFO: [ template_filter ] --START--
INFO: Run Behavior\ContentReplaceBehavior [ RunTime:0.000840s ]
INFO: [ template_filter ] --END-- [ RunTime:0.002673s ]
NOTIC: [8] Use of undefined constant Home - assumed 'Home' C:\xampp\htdocs\tjmetro\application\Runtime\Cache\Home\1991579fa70d7ec774d571ca9e648d79.php 第 16 行.
NOTIC: [8] Use of undefined constant Login - assumed 'Login' C:\xampp\htdocs\tjmetro\application\Runtime\Cache\Home\1991579fa70d7ec774d571ca9e648d79.php 第 16 行.
NOTIC: [2] Division by zero C:\xampp\htdocs\tjmetro\application\Runtime\Cache\Home\1991579fa70d7ec774d571ca9e648d79.php 第 16 行.
NOTIC: [8] Use of undefined constant login - assumed 'login' C:\xampp\htdocs\tjmetro\application\Runtime\Cache\Home\1991579fa70d7ec774d571ca9e648d79.php 第 16 行.
NOTIC: [2] Division by zero C:\xampp\htdocs\tjmetro\application\Runtime\Cache\Home\1991579fa70d7ec774d571ca9e648d79.php 第 16 行.
INFO: Run Behavior\ParseTemplateBehavior [ RunTime:0.036681s ]
INFO: [ view_parse ] --END-- [ RunTime:0.038495s ]
INFO: [ view_filter ] --START--
INFO: Run Behavior\WriteHtmlCacheBehavior [ RunTime:0.001536s ]
INFO: [ view_filter ] --END-- [ RunTime:0.003301s ]
INFO: [ app_end ] --START--
INFO: Run Behavior\ShowPageTraceBehavior [ RunTime:0.001784s ]
INFO: [ app_end ] --END-- [ RunTime:0.003753s ]

[ 2015-12-03T10:48:13+08:00 ] ::1 /tjmetro/index.php/Home/Index/Public/css/style.css
INFO: [ app_init ] --START--
INFO: Run Behavior\BuildLiteBehavior [ RunTime:0.000307s ]
INFO: [ app_init ] --END-- [ RunTime:0.002957s ]
INFO: [ app_begin ] --START--
INFO: Run Behavior\ReadHtmlCacheBehavior [ RunTime:0.001646s ]
INFO: [ app_begin ] --END-- [ RunTime:0.003456s ]
ERR: 非法操作:Public

[ 2015-12-03T10:49:42+08:00 ] ::1 /tjmetro/
INFO: [ app_init ] --START--
INFO: Run Behavior\BuildLiteBehavior [ RunTime:0.000314s ]
INFO: [ app_init ] --END-- [ RunTime:0.002541s ]
INFO: [ app_begin ] --START--
INFO: Run Behavior\ReadHtmlCacheBehavior [ RunTime:0.001664s ]
INFO: [ app_begin ] --END-- [ RunTime:0.003527s ]
INFO: [ view_parse ] --START--
INFO: [ template_filter ] --START--
INFO: Run Behavior\ContentReplaceBehavior [ RunTime:0.000760s ]
INFO: [ template_filter ] --END-- [ RunTime:0.002584s ]
INFO: Run Behavior\ParseTemplateBehavior [ RunTime:0.032289s ]
INFO: [ view_parse ] --END-- [ RunTime:0.034155s ]
INFO: [ view_filter ] --START--
INFO: Run Behavior\WriteHtmlCacheBehavior [ RunTime:0.001771s ]
INFO: [ view_filter ] --END-- [ RunTime:0.003688s ]
INFO: [ app_end ] --START--
INFO: Run Behavior\ShowPageTraceBehavior [ RunTime:0.001657s ]
INFO: [ app_end ] --END-- [ RunTime:0.003451s ]

[ 2015-12-03T10:49:46+08:00 ] ::1 /tjmetro/index.php/Home/Login/login.html
INFO: [ app_init ] --START--
INFO: Run Behavior\BuildLiteBehavior [ RunTime:0.000542s ]
INFO: [ app_init ] --END-- [ RunTime:0.003534s ]
INFO: [ app_begin ] --START--
INFO: Run Behavior\ReadHtmlCacheBehavior [ RunTime:0.001570s ]
INFO: [ app_begin ] --END-- [ RunTime:0.003503s ]

[ 2015-12-03T10:53:04+08:00 ] ::1 /tjmetro/
INFO: [ app_init ] --START--
INFO: Run Behavior\BuildLiteBehavior [ RunTime:0.000342s ]
INFO: [ app_init ] --END-- [ RunTime:0.003334s ]
INFO: [ app_begin ] --START--
INFO: Run Behavior\ReadHtmlCacheBehavior [ RunTime:0.001770s ]
INFO: [ app_begin ] --END-- [ RunTime:0.003917s ]
INFO: [ view_parse ] --START--
INFO: [ template_filter ] --START--
INFO: Run Behavior\ContentReplaceBehavior [ RunTime:0.001076s ]
INFO: [ template_filter ] --END-- [ RunTime:0.003551s ]
INFO: Run Behavior\ParseTemplateBehavior [ RunTime:0.040915s ]
INFO: [ view_parse ] --END-- [ RunTime:0.043879s ]
INFO: [ view_filter ] --START--
INFO: Run Behavior\WriteHtmlCacheBehavior [ RunTime:0.001613s ]
INFO: [ view_filter ] --END-- [ RunTime:0.003495s ]
INFO: [ app_end ] --START--
INFO: Run Behavior\ShowPageTraceBehavior [ RunTime:0.002038s ]
INFO: [ app_end ] --END-- [ RunTime:0.004319s ]

[ 2015-12-03T10:56:47+08:00 ] ::1 /tjmetro/
INFO: [ app_init ] --START--
INFO: Run Behavior\BuildLiteBehavior [ RunTime:0.000334s ]
INFO: [ app_init ] --END-- [ RunTime:0.002842s ]
INFO: [ app_begin ] --START--
INFO: Run Behavior\ReadHtmlCacheBehavior [ RunTime:0.001755s ]
INFO: [ app_begin ] --END-- [ RunTime:0.003783s ]
INFO: [ view_parse ] --START--
INFO: [ template_filter ] --START--
INFO: Run Behavior\ContentReplaceBehavior [ RunTime:0.001312s ]
INFO: [ template_filter ] --END-- [ RunTime:0.004112s ]
INFO: Run Behavior\ParseTemplateBehavior [ RunTime:0.036907s ]
INFO: [ view_parse ] --END-- [ RunTime:0.038769s ]
INFO: [ view_filter ] --START--
INFO: Run Behavior\WriteHtmlCacheBehavior [ RunTime:0.001351s ]
INFO: [ view_filter ] --END-- [ RunTime:0.003104s ]
INFO: [ app_end ] --START--
INFO: Run Behavior\ShowPageTraceBehavior [ RunTime:0.001787s ]
INFO: [ app_end ] --END-- [ RunTime:0.003769s ]

[ 2015-12-03T10:59:37+08:00 ] ::1 /tjmetro/
INFO: [ app_init ] --START--
INFO: Run Behavior\BuildLiteBehavior [ RunTime:0.000312s ]
INFO: [ app_init ] --END-- [ RunTime:0.002672s ]
INFO: [ app_begin ] --START--
INFO: Run Behavior\ReadHtmlCacheBehavior [ RunTime:0.001656s ]
INFO: [ app_begin ] --END-- [ RunTime:0.003570s ]
INFO: [ view_parse ] --START--
INFO: [ template_filter ] --START--
INFO: Run Behavior\ContentReplaceBehavior [ RunTime:0.000971s ]
INFO: [ template_filter ] --END-- [ RunTime:0.002865s ]
INFO: Run Behavior\ParseTemplateBehavior [ RunTime:0.032613s ]
INFO: [ view_parse ] --END-- [ RunTime:0.034429s ]
INFO: [ view_filter ] --START--
INFO: Run Behavior\WriteHtmlCacheBehavior [ RunTime:0.001533s ]
INFO: [ view_filter ] --END-- [ RunTime:0.003320s ]
INFO: [ app_end ] --START--
INFO: Run Behavior\ShowPageTraceBehavior [ RunTime:0.001690s ]
INFO: [ app_end ] --END-- [ RunTime:0.003545s ]

[ 2015-12-03T10:59:39+08:00 ] ::1 /tjmetro/
INFO: [ app_init ] --START--
INFO: Run Behavior\BuildLiteBehavior [ RunTime:0.000385s ]
INFO: [ app_init ] --END-- [ RunTime:0.004418s ]
INFO: [ app_begin ] --START--
INFO: Run Behavior\ReadHtmlCacheBehavior [ RunTime:0.002270s ]
INFO: [ app_begin ] --END-- [ RunTime:0.004858s ]
INFO: [ view_parse ] --START--
INFO: [ template_filter ] --START--
INFO: Run Behavior\ContentReplaceBehavior [ RunTime:0.001311s ]
INFO: [ template_filter ] --END-- [ RunTime:0.004506s ]
INFO: Run Behavior\ParseTemplateBehavior [ RunTime:0.048866s ]
INFO: [ view_parse ] --END-- [ RunTime:0.050725s ]
INFO: [ view_filter ] --START--
INFO: Run Behavior\WriteHtmlCacheBehavior [ RunTime:0.001522s ]
INFO: [ view_filter ] --END-- [ RunTime:0.003335s ]
INFO: [ app_end ] --START--
INFO: Run Behavior\ShowPageTraceBehavior [ RunTime:0.001773s ]
INFO: [ app_end ] --END-- [ RunTime:0.003669s ]

[ 2015-12-03T10:59:41+08:00 ] ::1 /tjmetro/index.php/Home/Login/login.html
INFO: [ app_init ] --START--
INFO: Run Behavior\BuildLiteBehavior [ RunTime:0.000309s ]
INFO: [ app_init ] --END-- [ RunTime:0.002522s ]
INFO: [ app_begin ] --START--
INFO: Run Behavior\ReadHtmlCacheBehavior [ RunTime:0.001526s ]
INFO: [ app_begin ] --END-- [ RunTime:0.003328s ]

[ 2015-12-03T11:05:03+08:00 ] ::1 /tjmetro/
INFO: [ app_init ] --START--
INFO: Run Behavior\BuildLiteBehavior [ RunTime:0.000340s ]
INFO: [ app_init ] --END-- [ RunTime:0.002819s ]
INFO: [ app_begin ] --START--
INFO: Run Behavior\ReadHtmlCacheBehavior [ RunTime:0.001771s ]
INFO: [ app_begin ] --END-- [ RunTime:0.003833s ]
INFO: [ view_parse ] --START--
INFO: [ template_filter ] --START--
INFO: Run Behavior\ContentReplaceBehavior [ RunTime:0.000805s ]
INFO: [ template_filter ] --END-- [ RunTime:0.002656s ]
INFO: Run Behavior\ParseTemplateBehavior [ RunTime:0.032252s ]
INFO: [ view_parse ] --END-- [ RunTime:0.034099s ]
INFO: [ view_filter ] --START--
INFO: Run Behavior\WriteHtmlCacheBehavior [ RunTime:0.001506s ]
INFO: [ view_filter ] --END-- [ RunTime:0.003376s ]
INFO: [ app_end ] --START--
INFO: Run Behavior\ShowPageTraceBehavior [ RunTime:0.001807s ]
INFO: [ app_end ] --END-- [ RunTime:0.003695s ]

[ 2015-12-03T11:05:04+08:00 ] ::1 /tjmetro/index.php/Home/Login/login.html
INFO: [ app_init ] --START--
INFO: Run Behavior\BuildLiteBehavior [ RunTime:0.000315s ]
INFO: [ app_init ] --END-- [ RunTime:0.002547s ]
INFO: [ app_begin ] --START--
INFO: Run Behavior\ReadHtmlCacheBehavior [ RunTime:0.001484s ]
INFO: [ app_begin ] --END-- [ RunTime:0.003313s ]

[ 2015-12-03T14:50:49+08:00 ] ::1 /tjmetro/
INFO: [ app_init ] --START--
INFO: Run Behavior\BuildLiteBehavior [ RunTime:0.000297s ]
INFO: [ app_init ] --END-- [ RunTime:0.002552s ]
INFO: [ app_begin ] --START--
INFO: Run Behavior\ReadHtmlCacheBehavior [ RunTime:0.001528s ]
INFO: [ app_begin ] --END-- [ RunTime:0.003288s ]
INFO: [ view_parse ] --START--
INFO: [ template_filter ] --START--
INFO: Run Behavior\ContentReplaceBehavior [ RunTime:0.000753s ]
INFO: [ template_filter ] --END-- [ RunTime:0.002634s ]
INFO: Run Behavior\ParseTemplateBehavior [ RunTime:0.037122s ]
INFO: [ view_parse ] --END-- [ RunTime:0.038923s ]
INFO: [ view_filter ] --START--
INFO: Run Behavior\WriteHtmlCacheBehavior [ RunTime:0.001399s ]
INFO: [ view_filter ] --END-- [ RunTime:0.003260s ]
INFO: [ app_end ] --START--
INFO: Run Behavior\ShowPageTraceBehavior [ RunTime:0.001593s ]
INFO: [ app_end ] --END-- [ RunTime:0.003372s ]

[ 2015-12-03T14:50:50+08:00 ] ::1 /tjmetro/index.php/Home/Login/login.html
INFO: [ app_init ] --START--
INFO: Run Behavior\BuildLiteBehavior [ RunTime:0.000317s ]
INFO: [ app_init ] --END-- [ RunTime:0.002546s ]
INFO: [ app_begin ] --START--
INFO: Run Behavior\ReadHtmlCacheBehavior [ RunTime:0.001374s ]
INFO: [ app_begin ] --END-- [ RunTime:0.003242s ]

[ 2015-12-03T14:51:38+08:00 ] ::1 /tjmetro/
INFO: [ app_init ] --START--
INFO: Run Behavior\BuildLiteBehavior [ RunTime:0.000309s ]
INFO: [ app_init ] --END-- [ RunTime:0.002437s ]
INFO: [ app_begin ] --START--
INFO: Run Behavior\ReadHtmlCacheBehavior [ RunTime:0.001629s ]
INFO: [ app_begin ] --END-- [ RunTime:0.003446s ]
INFO: [ view_parse ] --START--
INFO: [ template_filter ] --START--
INFO: Run Behavior\ContentReplaceBehavior [ RunTime:0.000760s ]
INFO: [ template_filter ] --END-- [ RunTime:0.002665s ]
INFO: Run Behavior\ParseTemplateBehavior [ RunTime:0.031769s ]
INFO: [ view_parse ] --END-- [ RunTime:0.033574s ]
INFO: [ view_filter ] --START--
INFO: Run Behavior\WriteHtmlCacheBehavior [ RunTime:0.001480s ]
INFO: [ view_filter ] --END-- [ RunTime:0.003453s ]
INFO: [ app_end ] --START--
INFO: Run Behavior\ShowPageTraceBehavior [ RunTime:0.001506s ]
INFO: [ app_end ] --END-- [ RunTime:0.003259s ]

[ 2015-12-03T14:51:40+08:00 ] ::1 /tjmetro/index.php/Home/Login/login.html
INFO: [ app_init ] --START--
INFO: Run Behavior\BuildLiteBehavior [ RunTime:0.000298s ]
INFO: [ app_init ] --END-- [ RunTime:0.002552s ]
INFO: [ app_begin ] --START--
INFO: Run Behavior\ReadHtmlCacheBehavior [ RunTime:0.001417s ]
INFO: [ app_begin ] --END-- [ RunTime:0.003190s ]
INFO: [ app_end ] --START--
INFO: Run Behavior\ShowPageTraceBehavior [ RunTime:0.001573s ]
INFO: [ app_end ] --END-- [ RunTime:0.003478s ]

[ 2015-12-03T14:52:52+08:00 ] ::1 /tjmetro/index.php/Home/Login/login.html
INFO: [ app_init ] --START--
INFO: Run Behavior\BuildLiteBehavior [ RunTime:0.000305s ]
INFO: [ app_init ] --END-- [ RunTime:0.002472s ]
INFO: [ app_begin ] --START--
INFO: Run Behavior\ReadHtmlCacheBehavior [ RunTime:0.001578s ]
INFO: [ app_begin ] --END-- [ RunTime:0.003361s ]

[ 2015-12-03T14:53:40+08:00 ] ::1 /tjmetro/index.php/Home/Login/login.html
INFO: [ app_init ] --START--
INFO: Run Behavior\BuildLiteBehavior [ RunTime:0.000317s ]
INFO: [ app_init ] --END-- [ RunTime:0.002545s ]
INFO: [ app_begin ] --START--
INFO: Run Behavior\ReadHtmlCacheBehavior [ RunTime:0.001419s ]
INFO: [ app_begin ] --END-- [ RunTime:0.003178s ]
INFO: [ app_end ] --START--
INFO: Run Behavior\ShowPageTraceBehavior [ RunTime:0.001632s ]
INFO: [ app_end ] --END-- [ RunTime:0.003381s ]

[ 2015-12-03T14:54:36+08:00 ] ::1 /tjmetro/index.php/Home/Login/login.html
INFO: [ app_init ] --START--
INFO: Run Behavior\BuildLiteBehavior [ RunTime:0.000304s ]
INFO: [ app_init ] --END-- [ RunTime:0.002519s ]
INFO: [ app_begin ] --START--
INFO: Run Behavior\ReadHtmlCacheBehavior [ RunTime:0.001377s ]
INFO: [ app_begin ] --END-- [ RunTime:0.003129s ]
INFO: [ app_end ] --START--
INFO: Run Behavior\ShowPageTraceBehavior [ RunTime:0.001688s ]
INFO: [ app_end ] --END-- [ RunTime:0.003504s ]

[ 2015-12-03T14:54:38+08:00 ] ::1 /tjmetro/index.php/Home/Login/login.html
INFO: [ app_init ] --START--
INFO: Run Behavior\BuildLiteBehavior [ RunTime:0.000296s ]
INFO: [ app_init ] --END-- [ RunTime:0.002635s ]
INFO: [ app_begin ] --START--
INFO: Run Behavior\ReadHtmlCacheBehavior [ RunTime:0.001330s ]
INFO: [ app_begin ] --END-- [ RunTime:0.003057s ]
INFO: [ app_end ] --START--
INFO: Run Behavior\ShowPageTraceBehavior [ RunTime:0.001764s ]
INFO: [ app_end ] --END-- [ RunTime:0.003644s ]

[ 2015-12-03T14:57:42+08:00 ] ::1 /tjmetro/index.php/Home/Login/login.html
INFO: [ app_init ] --START--
INFO: Run Behavior\BuildLiteBehavior [ RunTime:0.000315s ]
INFO: [ app_init ] --END-- [ RunTime:0.002598s ]
INFO: [ app_begin ] --START--
INFO: Run Behavior\ReadHtmlCacheBehavior [ RunTime:0.001437s ]
INFO: [ app_begin ] --END-- [ RunTime:0.003292s ]
INFO: [ app_end ] --START--
INFO: Run Behavior\ShowPageTraceBehavior [ RunTime:0.001557s ]
INFO: [ app_end ] --END-- [ RunTime:0.003523s ]

[ 2015-12-03T14:57:46+08:00 ] ::1 /tjmetro/index.php/Home/Login/login.html
INFO: [ app_init ] --START--
INFO: Run Behavior\BuildLiteBehavior [ RunTime:0.000298s ]
INFO: [ app_init ] --END-- [ RunTime:0.002389s ]
INFO: [ app_begin ] --START--
INFO: Run Behavior\ReadHtmlCacheBehavior [ RunTime:0.001381s ]
INFO: [ app_begin ] --END-- [ RunTime:0.003149s ]
INFO: [ app_end ] --START--
INFO: Run Behavior\ShowPageTraceBehavior [ RunTime:0.001607s ]
INFO: [ app_end ] --END-- [ RunTime:0.003336s ]

[ 2015-12-03T14:58:03+08:00 ] ::1 /tjmetro/index.php/Home/Login/login.html
INFO: [ app_init ] --START--
INFO: Run Behavior\BuildLiteBehavior [ RunTime:0.000320s ]
INFO: [ app_init ] --END-- [ RunTime:0.002605s ]
INFO: [ app_begin ] --START--
INFO: Run Behavior\ReadHtmlCacheBehavior [ RunTime:0.001551s ]
INFO: [ app_begin ] --END-- [ RunTime:0.003463s ]
INFO: [ app_end ] --START--
INFO: Run Behavior\ShowPageTraceBehavior [ RunTime:0.001616s ]
INFO: [ app_end ] --END-- [ RunTime:0.003510s ]

[ 2015-12-03T14:58:08+08:00 ] ::1 /tjmetro/index.php/Home/Login/login.html
INFO: [ app_init ] --START--
INFO: Run Behavior\BuildLiteBehavior [ RunTime:0.000298s ]
INFO: [ app_init ] --END-- [ RunTime:0.002522s ]
INFO: [ app_begin ] --START--
INFO: Run Behavior\ReadHtmlCacheBehavior [ RunTime:0.001396s ]
INFO: [ app_begin ] --END-- [ RunTime:0.003214s ]
INFO: [ app_end ] --START--
INFO: Run Behavior\ShowPageTraceBehavior [ RunTime:0.001601s ]
INFO: [ app_end ] --END-- [ RunTime:0.003378s ]

[ 2015-12-03T14:58:17+08:00 ] ::1 /tjmetro/index.php/Home/Login/login.html
INFO: [ app_init ] --START--
INFO: Run Behavior\BuildLiteBehavior [ RunTime:0.000306s ]
INFO: [ app_init ] --END-- [ RunTime:0.002441s ]
INFO: [ app_begin ] --START--
INFO: Run Behavior\ReadHtmlCacheBehavior [ RunTime:0.001387s ]
INFO: [ app_begin ] --END-- [ RunTime:0.003142s ]
INFO: [ app_end ] --START--
INFO: Run Behavior\ShowPageTraceBehavior [ RunTime:0.003013s ]
INFO: [ app_end ] --END-- [ RunTime:0.004885s ]

[ 2015-12-03T18:45:37+08:00 ] ::1 /tjmetro/
INFO: [ app_init ] --START--
INFO: Run Behavior\BuildLiteBehavior [ RunTime:0.000307s ]
INFO: [ app_init ] --END-- [ RunTime:0.002587s ]
INFO: [ app_begin ] --START--
INFO: Run Behavior\ReadHtmlCacheBehavior [ RunTime:0.001796s ]
INFO: [ app_begin ] --END-- [ RunTime:0.003755s ]
INFO: [ view_parse ] --START--
INFO: [ template_filter ] --START--
INFO: Run Behavior\ContentReplaceBehavior [ RunTime:0.000845s ]
INFO: [ template_filter ] --END-- [ RunTime:0.002658s ]
INFO: Run Behavior\ParseTemplateBehavior [ RunTime:0.031623s ]
INFO: [ view_parse ] --END-- [ RunTime:0.033386s ]
INFO: [ view_filter ] --START--
INFO: Run Behavior\WriteHtmlCacheBehavior [ RunTime:0.001467s ]
INFO: [ view_filter ] --END-- [ RunTime:0.003222s ]
INFO: [ app_end ] --START--
INFO: Run Behavior\ShowPageTraceBehavior [ RunTime:0.001977s ]
INFO: [ app_end ] --END-- [ RunTime:0.004045s ]

[ 2015-12-03T18:45:40+08:00 ] ::1 /tjmetro/index.php/Home/Login/login.html
INFO: [ app_init ] --START--
INFO: Run Behavior\BuildLiteBehavior [ RunTime:0.000416s ]
INFO: [ app_init ] --END-- [ RunTime:0.002834s ]
INFO: [ app_begin ] --START--
INFO: Run Behavior\ReadHtmlCacheBehavior [ RunTime:0.001508s ]
INFO: [ app_begin ] --END-- [ RunTime:0.003414s ]
SQL: SHOW COLUMNS FROM `user` [ RunTime:0.0031s ]
SQL: SELECT * FROM `user` WHERE `id` = 0  [ RunTime:0.0006s ]
INFO: [ app_end ] --START--
INFO: Run Behavior\ShowPageTraceBehavior [ RunTime:0.001790s ]
INFO: [ app_end ] --END-- [ RunTime:0.003808s ]

[ 2015-12-03T18:46:46+08:00 ] ::1 /tjmetro/index.php/Home/Login/login.html
INFO: [ app_init ] --START--
INFO: Run Behavior\BuildLiteBehavior [ RunTime:0.000306s ]
INFO: [ app_init ] --END-- [ RunTime:0.002469s ]
INFO: [ app_begin ] --START--
INFO: Run Behavior\ReadHtmlCacheBehavior [ RunTime:0.001459s ]
INFO: [ app_begin ] --END-- [ RunTime:0.003223s ]
SQL: SHOW COLUMNS FROM `user` [ RunTime:0.0034s ]
SQL: SELECT * FROM `user` WHERE `id` = 0  [ RunTime:0.0005s ]
INFO: [ app_end ] --START--
INFO: Run Behavior\ShowPageTraceBehavior [ RunTime:0.001606s ]
INFO: [ app_end ] --END-- [ RunTime:0.003433s ]

[ 2015-12-03T18:46:50+08:00 ] ::1 /tjmetro/index.php/Home/Login/login.html
INFO: [ app_init ] --START--
INFO: Run Behavior\BuildLiteBehavior [ RunTime:0.000426s ]
INFO: [ app_init ] --END-- [ RunTime:0.002583s ]
INFO: [ app_begin ] --START--
INFO: Run Behavior\ReadHtmlCacheBehavior [ RunTime:0.001720s ]
INFO: [ app_begin ] --END-- [ RunTime:0.003595s ]
SQL: SHOW COLUMNS FROM `user` [ RunTime:0.0029s ]
SQL: SELECT * FROM `user` WHERE `id` = 0  [ RunTime:0.0005s ]
INFO: [ app_end ] --START--
INFO: Run Behavior\ShowPageTraceBehavior [ RunTime:0.001641s ]
INFO: [ app_end ] --END-- [ RunTime:0.003390s ]

[ 2015-12-03T18:46:53+08:00 ] ::1 /tjmetro/index.php/Home/Login/login.html
INFO: [ app_init ] --START--
INFO: Run Behavior\BuildLiteBehavior [ RunTime:0.000298s ]
INFO: [ app_init ] --END-- [ RunTime:0.002435s ]
INFO: [ app_begin ] --START--
INFO: Run Behavior\ReadHtmlCacheBehavior [ RunTime:0.001393s ]
INFO: [ app_begin ] --END-- [ RunTime:0.003156s ]
SQL: SHOW COLUMNS FROM `user` [ RunTime:0.0030s ]
SQL: SELECT * FROM `user` WHERE `id` = 0  [ RunTime:0.0005s ]
INFO: [ app_end ] --START--
INFO: Run Behavior\ShowPageTraceBehavior [ RunTime:0.001794s ]
INFO: [ app_end ] --END-- [ RunTime:0.003613s ]

[ 2015-12-03T18:47:07+08:00 ] ::1 /tjmetro/index.php/Home/Login/login.html
INFO: [ app_init ] --START--
INFO: Run Behavior\BuildLiteBehavior [ RunTime:0.000307s ]
INFO: [ app_init ] --END-- [ RunTime:0.002623s ]
INFO: [ app_begin ] --START--
INFO: Run Behavior\ReadHtmlCacheBehavior [ RunTime:0.001322s ]
INFO: [ app_begin ] --END-- [ RunTime:0.003103s ]
SQL: SHOW COLUMNS FROM `user` [ RunTime:0.0025s ]
ERR: 1054:Unknown column 'hmb' in 'where clause'
 [ SQL语句 ] : SELECT * FROM `user` WHERE ( user_name=hmb-admin ) 
ERR: 1054:Unknown column 'hmb' in 'where clause'
 [ SQL语句 ] : SELECT * FROM `user` WHERE ( user_name=hmb-admin ) 

[ 2015-12-03T18:47:42+08:00 ] ::1 /tjmetro/index.php/Home/Login/login.html
INFO: [ app_init ] --START--
INFO: Run Behavior\BuildLiteBehavior [ RunTime:0.000306s ]
INFO: [ app_init ] --END-- [ RunTime:0.002741s ]
INFO: [ app_begin ] --START--
INFO: Run Behavior\ReadHtmlCacheBehavior [ RunTime:0.001702s ]
INFO: [ app_begin ] --END-- [ RunTime:0.003484s ]
SQL: SHOW COLUMNS FROM `user` [ RunTime:0.0027s ]
ERR: 1054:Unknown column 'metro' in 'where clause'
 [ SQL语句 ] : SELECT * FROM `user` WHERE ( user_name=metro ) 
ERR: 1054:Unknown column 'metro' in 'where clause'
 [ SQL语句 ] : SELECT * FROM `user` WHERE ( user_name=metro ) 

[ 2015-12-03T18:53:54+08:00 ] ::1 /tjmetro/index.php/Home/Login/login.html
INFO: [ app_init ] --START--
INFO: Run Behavior\BuildLiteBehavior [ RunTime:0.000315s ]
INFO: [ app_init ] --END-- [ RunTime:0.002545s ]
INFO: [ app_begin ] --START--
INFO: Run Behavior\ReadHtmlCacheBehavior [ RunTime:0.001472s ]
INFO: [ app_begin ] --END-- [ RunTime:0.003284s ]
SQL: SHOW COLUMNS FROM `user` [ RunTime:0.0033s ]
ERR: 1054:Unknown column '$user_name' in 'where clause'
 [ SQL语句 ] : SELECT * FROM `user` WHERE ( user_name=$user_name ) 
ERR: 1054:Unknown column '$user_name' in 'where clause'
 [ SQL语句 ] : SELECT * FROM `user` WHERE ( user_name=$user_name ) 

[ 2015-12-03T18:55:22+08:00 ] ::1 /tjmetro/index.php/Home/Login/login.html
INFO: [ app_init ] --START--
INFO: Run Behavior\BuildLiteBehavior [ RunTime:0.000313s ]
INFO: [ app_init ] --END-- [ RunTime:0.002476s ]
INFO: [ app_begin ] --START--
INFO: Run Behavior\ReadHtmlCacheBehavior [ RunTime:0.001452s ]
INFO: [ app_begin ] --END-- [ RunTime:0.003405s ]
SQL: SHOW COLUMNS FROM `user` [ RunTime:0.0032s ]
SQL: SELECT * FROM `user` WHERE `id` = 0 LIMIT 1   [ RunTime:0.0006s ]
INFO: [ app_end ] --START--
INFO: Run Behavior\ShowPageTraceBehavior [ RunTime:0.001820s ]
INFO: [ app_end ] --END-- [ RunTime:0.003670s ]

[ 2015-12-03T18:55:59+08:00 ] ::1 /tjmetro/index.php/Home/Login/login.html
INFO: [ app_init ] --START--
INFO: Run Behavior\BuildLiteBehavior [ RunTime:0.000313s ]
INFO: [ app_init ] --END-- [ RunTime:0.002497s ]
INFO: [ app_begin ] --START--
INFO: Run Behavior\ReadHtmlCacheBehavior [ RunTime:0.001423s ]
INFO: [ app_begin ] --END-- [ RunTime:0.003224s ]
SQL: SHOW COLUMNS FROM `user` [ RunTime:0.0026s ]
SQL: SELECT * FROM `user` WHERE `id` = 0 LIMIT 1   [ RunTime:0.0004s ]
ERR: 模板不存在:./application/Home/View/Login/login.html

[ 2015-12-03T18:56:06+08:00 ] ::1 /tjmetro/
INFO: [ app_init ] --START--
INFO: Run Behavior\BuildLiteBehavior [ RunTime:0.000353s ]
INFO: [ app_init ] --END-- [ RunTime:0.002604s ]
INFO: [ app_begin ] --START--
INFO: Run Behavior\ReadHtmlCacheBehavior [ RunTime:0.001852s ]
INFO: [ app_begin ] --END-- [ RunTime:0.003710s ]
INFO: [ view_parse ] --START--
INFO: [ template_filter ] --START--
INFO: Run Behavior\ContentReplaceBehavior [ RunTime:0.000718s ]
INFO: [ template_filter ] --END-- [ RunTime:0.002419s ]
INFO: Run Behavior\ParseTemplateBehavior [ RunTime:0.030767s ]
INFO: [ view_parse ] --END-- [ RunTime:0.032524s ]
INFO: [ view_filter ] --START--
INFO: Run Behavior\WriteHtmlCacheBehavior [ RunTime:0.001433s ]
INFO: [ view_filter ] --END-- [ RunTime:0.003341s ]
INFO: [ app_end ] --START--
INFO: Run Behavior\ShowPageTraceBehavior [ RunTime:0.001581s ]
INFO: [ app_end ] --END-- [ RunTime:0.003325s ]

[ 2015-12-03T18:56:16+08:00 ] ::1 /tjmetro/index.php/Home/Login/login.html
INFO: [ app_init ] --START--
INFO: Run Behavior\BuildLiteBehavior [ RunTime:0.000308s ]
INFO: [ app_init ] --END-- [ RunTime:0.002483s ]
INFO: [ app_begin ] --START--
INFO: Run Behavior\ReadHtmlCacheBehavior [ RunTime:0.001386s ]
INFO: [ app_begin ] --END-- [ RunTime:0.003279s ]
SQL: SHOW COLUMNS FROM `user` [ RunTime:0.0028s ]
SQL: SELECT * FROM `user` WHERE `id` = 0 LIMIT 1   [ RunTime:0.0005s ]
ERR: 模板不存在:./application/Home/View/Login/login.html

[ 2015-12-03T19:01:44+08:00 ] ::1 /tjmetro/
INFO: [ app_init ] --START--
INFO: Run Behavior\BuildLiteBehavior [ RunTime:0.000366s ]
INFO: [ app_init ] --END-- [ RunTime:0.002930s ]
INFO: [ app_begin ] --START--
INFO: Run Behavior\ReadHtmlCacheBehavior [ RunTime:0.001627s ]
INFO: [ app_begin ] --END-- [ RunTime:0.003463s ]
INFO: [ view_parse ] --START--
INFO: [ template_filter ] --START--
INFO: Run Behavior\ContentReplaceBehavior [ RunTime:0.000750s ]
INFO: [ template_filter ] --END-- [ RunTime:0.002546s ]
INFO: Run Behavior\ParseTemplateBehavior [ RunTime:0.030908s ]
INFO: [ view_parse ] --END-- [ RunTime:0.032795s ]
INFO: [ view_filter ] --START--
INFO: Run Behavior\WriteHtmlCacheBehavior [ RunTime:0.001505s ]
INFO: [ view_filter ] --END-- [ RunTime:0.003330s ]
INFO: [ app_end ] --START--
INFO: Run Behavior\ShowPageTraceBehavior [ RunTime:0.001730s ]
INFO: [ app_end ] --END-- [ RunTime:0.003541s ]

[ 2015-12-03T19:01:51+08:00 ] ::1 /tjmetro/index.php/Home/Login/login.html
INFO: [ app_init ] --START--
INFO: Run Behavior\BuildLiteBehavior [ RunTime:0.000313s ]
INFO: [ app_init ] --END-- [ RunTime:0.002530s ]
INFO: [ app_begin ] --START--
INFO: Run Behavior\ReadHtmlCacheBehavior [ RunTime:0.001689s ]
INFO: [ app_begin ] --END-- [ RunTime:0.003463s ]
SQL: SHOW COLUMNS FROM `user` [ RunTime:0.0199s ]
SQL: SELECT * FROM `user` WHERE ( user_name="metro" ) LIMIT 1   [ RunTime:0.0006s ]
NOTIC: [8] Undefined variable: passwordInDb C:\xampp\htdocs\tjmetro\application\Home\Controller\LoginController.class.php 第 45 行.
INFO: [ app_end ] --START--
INFO: Run Behavior\ShowPageTraceBehavior [ RunTime:0.001720s ]
INFO: [ app_end ] --END-- [ RunTime:0.003431s ]

[ 2015-12-03T19:05:10+08:00 ] ::1 /tjmetro/
INFO: [ app_init ] --START--
INFO: Run Behavior\BuildLiteBehavior [ RunTime:0.000314s ]
INFO: [ app_init ] --END-- [ RunTime:0.002501s ]
INFO: [ app_begin ] --START--
INFO: Run Behavior\ReadHtmlCacheBehavior [ RunTime:0.001615s ]
INFO: [ app_begin ] --END-- [ RunTime:0.003511s ]
INFO: [ view_parse ] --START--
INFO: [ template_filter ] --START--
INFO: Run Behavior\ContentReplaceBehavior [ RunTime:0.000738s ]
INFO: [ template_filter ] --END-- [ RunTime:0.002431s ]
INFO: Run Behavior\ParseTemplateBehavior [ RunTime:0.031447s ]
INFO: [ view_parse ] --END-- [ RunTime:0.033384s ]
INFO: [ view_filter ] --START--
INFO: Run Behavior\WriteHtmlCacheBehavior [ RunTime:0.001429s ]
INFO: [ view_filter ] --END-- [ RunTime:0.003165s ]
INFO: [ app_end ] --START--
INFO: Run Behavior\ShowPageTraceBehavior [ RunTime:0.001634s ]
INFO: [ app_end ] --END-- [ RunTime:0.003486s ]

[ 2015-12-03T19:05:12+08:00 ] ::1 /tjmetro/index.php/Home/Login/login.html
INFO: [ app_init ] --START--
INFO: Run Behavior\BuildLiteBehavior [ RunTime:0.000331s ]
INFO: [ app_init ] --END-- [ RunTime:0.002776s ]
INFO: [ app_begin ] --START--
INFO: Run Behavior\ReadHtmlCacheBehavior [ RunTime:0.001472s ]
INFO: [ app_begin ] --END-- [ RunTime:0.003282s ]
SQL: SHOW COLUMNS FROM `user` [ RunTime:0.0029s ]
SQL: SELECT * FROM `user` WHERE ( user_name="metro" ) LIMIT 1   [ RunTime:0.0005s ]
NOTIC: [8] Undefined variable: passwordInDb C:\xampp\htdocs\tjmetro\application\Home\Controller\LoginController.class.php 第 45 行.
NOTIC: [8] Undefined variable: passwordInDb C:\xampp\htdocs\tjmetro\application\Home\Controller\LoginController.class.php 第 48 行.
INFO: [ app_end ] --START--
INFO: Run Behavior\ShowPageTraceBehavior [ RunTime:0.001631s ]
INFO: [ app_end ] --END-- [ RunTime:0.003320s ]

[ 2015-12-03T19:06:29+08:00 ] ::1 /tjmetro/
INFO: [ app_init ] --START--
INFO: Run Behavior\BuildLiteBehavior [ RunTime:0.000315s ]
INFO: [ app_init ] --END-- [ RunTime:0.002502s ]
INFO: [ app_begin ] --START--
INFO: Run Behavior\ReadHtmlCacheBehavior [ RunTime:0.001542s ]
INFO: [ app_begin ] --END-- [ RunTime:0.003316s ]
INFO: [ view_parse ] --START--
INFO: [ template_filter ] --START--
INFO: Run Behavior\ContentReplaceBehavior [ RunTime:0.000733s ]
INFO: [ template_filter ] --END-- [ RunTime:0.002475s ]
INFO: Run Behavior\ParseTemplateBehavior [ RunTime:0.031579s ]
INFO: [ view_parse ] --END-- [ RunTime:0.033389s ]
INFO: [ view_filter ] --START--
INFO: Run Behavior\WriteHtmlCacheBehavior [ RunTime:0.001428s ]
INFO: [ view_filter ] --END-- [ RunTime:0.003159s ]
INFO: [ app_end ] --START--
INFO: Run Behavior\ShowPageTraceBehavior [ RunTime:0.001693s ]
INFO: [ app_end ] --END-- [ RunTime:0.003455s ]

[ 2015-12-03T19:06:33+08:00 ] ::1 /tjmetro/index.php/Home/Login/login.html
INFO: [ app_init ] --START--
INFO: Run Behavior\BuildLiteBehavior [ RunTime:0.000318s ]
INFO: [ app_init ] --END-- [ RunTime:0.002516s ]
INFO: [ app_begin ] --START--
INFO: Run Behavior\ReadHtmlCacheBehavior [ RunTime:0.001366s ]
INFO: [ app_begin ] --END-- [ RunTime:0.003158s ]
SQL: SHOW COLUMNS FROM `user` [ RunTime:0.0027s ]
SQL: SELECT * FROM `user` WHERE ( user_name="metro" ) LIMIT 1   [ RunTime:0.0006s ]
INFO: [ app_end ] --START--
INFO: Run Behavior\ShowPageTraceBehavior [ RunTime:0.001672s ]
INFO: [ app_end ] --END-- [ RunTime:0.003495s ]

[ 2015-12-03T19:09:39+08:00 ] ::1 /tjmetro/index.php/Home/Login/login.html
INFO: [ app_init ] --START--
INFO: Run Behavior\BuildLiteBehavior [ RunTime:0.000310s ]
INFO: [ app_init ] --END-- [ RunTime:0.002821s ]
INFO: [ app_begin ] --START--
INFO: Run Behavior\ReadHtmlCacheBehavior [ RunTime:0.001366s ]
INFO: [ app_begin ] --END-- [ RunTime:0.003139s ]
SQL: SHOW COLUMNS FROM `user` [ RunTime:0.0029s ]
SQL: SELECT * FROM `user` WHERE ( user_name="metro" ) LIMIT 1   [ RunTime:0.0005s ]
INFO: [ app_end ] --START--
INFO: Run Behavior\ShowPageTraceBehavior [ RunTime:0.001673s ]
INFO: [ app_end ] --END-- [ RunTime:0.003448s ]

