[ 2015-12-02T20:30:13+08:00 ] ::1 /tjmetro/index
INFO: [ app_init ] --START--
INFO: Run Behavior\BuildLiteBehavior [ RunTime:0.000327s ]
INFO: [ app_init ] --END-- [ RunTime:0.002834s ]
ERR: 无法加载模块:Index

[ 2015-12-02T20:36:47+08:00 ] ::1 /tjmetro/index
INFO: [ app_init ] --START--
INFO: Run Behavior\BuildLiteBehavior [ RunTime:0.000335s ]
INFO: [ app_init ] --END-- [ RunTime:0.002979s ]
ERR: 无法加载模块:Index

[ 2015-12-02T21:22:01+08:00 ] ::1 /tjmetro/Application/Home/View/login/Login/login
INFO: [ app_init ] --START--
INFO: Run Behavior\BuildLiteBehavior [ RunTime:0.000355s ]
INFO: [ app_init ] --END-- [ RunTime:0.002997s ]
ERR: 无法加载模块:Application

[ 2015-12-02T21:22:53+08:00 ] ::1 /tjmetro/Application/Home/View/login/Controller/Login/login
INFO: [ app_init ] --START--
INFO: Run Behavior\BuildLiteBehavior [ RunTime:0.000321s ]
INFO: [ app_init ] --END-- [ RunTime:0.002645s ]
ERR: 无法加载模块:Application

[ 2015-12-02T21:39:33+08:00 ] ::1 /tjmetro/Application/Home/View/login/U('Login/login')
INFO: [ app_init ] --START--
INFO: Run Behavior\BuildLiteBehavior [ RunTime:0.000319s ]
INFO: [ app_init ] --END-- [ RunTime:0.002643s ]
ERR: 无法加载模块:Application

[ 2015-12-02T21:40:19+08:00 ] ::1 /tjmetro/Application/Home/View/login/U('Login/login')
INFO: [ app_init ] --START--
INFO: Run Behavior\BuildLiteBehavior [ RunTime:0.000317s ]
INFO: [ app_init ] --END-- [ RunTime:0.002595s ]
ERR: 无法加载模块:Application

[ 2015-12-02T22:46:13+08:00 ] ::1 /tjmetro/Application/Home/View/login/__URL__/login
INFO: [ app_init ] --START--
INFO: Run Behavior\BuildLiteBehavior [ RunTime:0.000339s ]
INFO: [ app_init ] --END-- [ RunTime:0.002582s ]
ERR: 无法加载模块:Application

[ 2015-12-02T22:47:09+08:00 ] ::1 /tjmetro/Application/Home/View/login/login
INFO: [ app_init ] --START--
INFO: Run Behavior\BuildLiteBehavior [ RunTime:0.000308s ]
INFO: [ app_init ] --END-- [ RunTime:0.002688s ]
ERR: 无法加载模块:Application

[ 2015-12-02T23:00:28+08:00 ] ::1 /tjmetro/Application/Home/View/login/U('Login/login')
INFO: [ app_init ] --START--
INFO: Run Behavior\BuildLiteBehavior [ RunTime:0.000331s ]
INFO: [ app_init ] --END-- [ RunTime:0.002736s ]
ERR: 无法加载模块:Application

